# JRE version: OpenJDK Runtime Environment (15.0.2+7) (build 15.0.2+7-27)
# Java VM: OpenJDK 64-Bit Server VM (15.0.2+7-27, mixed mode, tiered, compressed oops, g1 gc, windows-amd64)
GC Precious Log:
 CPUs: 4 total, 4 available
 Memory: 4016M
 Large Page Support: Disabled
 NUMA Support: Disabled
 Compressed Oops: Enabled (32-bit)
 Heap Region Size: 1M
 Heap Min Capacity: 8M
 Heap Initial Capacity: 64M
 Heap Max Capacity: 1006M
 Pre-touch: Disabled
 Parallel Workers: 4
 Concurrent Workers: 1
 Concurrent Refinement Workers: 4
 Periodic GC: Disabled
Heap:
 garbage-first heap   total 34816K, used 13393K [0x00000000c1200000, 0x0000000100000000)
  region size 1024K, 7 young (7168K), 1 survivors (1024K)
 Metaspace       used 22905K, capacity 23192K, committed 23296K, reserved 1071104K
  class space    used 2467K, capacity 2543K, committed 2560K, reserved 1048576K
GC Heap History (9 events):
Event: 1.712 GC heap before
{Heap before GC invocations=0 (full 0):
 garbage-first heap   total 65536K, used 13312K [0x00000000c1200000, 0x0000000100000000)
  region size 1024K, 13 young (13312K), 0 survivors (0K)
 Metaspace       used 10603K, capacity 10690K, committed 10752K, reserved 1058816K
  class space    used 956K, capacity 986K, committed 1024K, reserved 1048576K
}
Event: 1.721 GC heap after
{Heap after GC invocations=1 (full 0):
 garbage-first heap   total 65536K, used 5727K [0x00000000c1200000, 0x0000000100000000)
  region size 1024K, 2 young (2048K), 2 survivors (2048K)
 Metaspace       used 10603K, capacity 10690K, committed 10752K, reserved 1058816K
  class space    used 956K, capacity 986K, committed 1024K, reserved 1048576K
}
Event: 1.927 GC heap before
{Heap before GC invocations=1 (full 0):
 garbage-first heap   total 65536K, used 14943K [0x00000000c1200000, 0x0000000100000000)
  region size 1024K, 12 young (12288K), 2 survivors (2048K)
 Metaspace       used 11711K, capacity 11808K, committed 11904K, reserved 1060864K
  class space    used 1095K, capacity 1124K, committed 1152K, reserved 1048576K
}
Event: 1.934 GC heap after
{Heap after GC invocations=2 (full 0):
 garbage-first heap   total 65536K, used 6299K [0x00000000c1200000, 0x0000000100000000)
  region size 1024K, 1 young (1024K), 1 survivors (1024K)
 Metaspace       used 11711K, capacity 11808K, committed 11904K, reserved 1060864K
  class space    used 1095K, capacity 1124K, committed 1152K, reserved 1048576K
}
Event: 1.947 GC heap before
{Heap before GC invocations=2 (full 0):
 garbage-first heap   total 65536K, used 26779K [0x00000000c1200000, 0x0000000100000000)
  region size 1024K, 22 young (22528K), 1 survivors (1024K)
 Metaspace       used 11711K, capacity 11808K, committed 11904K, reserved 1060864K
  class space    used 1095K, capacity 1124K, committed 1152K, reserved 1048576K
}
Event: 1.948 GC heap after
{Heap after GC invocations=3 (full 0):
 garbage-first heap   total 65536K, used 6341K [0x00000000c1200000, 0x0000000100000000)
  region size 1024K, 1 young (1024K), 1 survivors (1024K)
 Metaspace       used 11711K, capacity 11808K, committed 11904K, reserved 1060864K
  class space    used 1095K, capacity 1124K, committed 1152K, reserved 1048576K
}
Event: 13.869 GC heap before
{Heap before GC invocations=3 (full 0):
 garbage-first heap   total 65536K, used 43205K [0x00000000c1200000, 0x0000000100000000)
  region size 1024K, 38 young (38912K), 1 survivors (1024K)
 Metaspace       used 19817K, capacity 20042K, committed 20096K, reserved 1067008K
  class space    used 2074K, capacity 2157K, committed 2176K, reserved 1048576K
}
Event: 13.881 GC heap after
{Heap after GC invocations=4 (full 0):
 garbage-first heap   total 65536K, used 7984K [0x00000000c1200000, 0x0000000100000000)
  region size 1024K, 2 young (2048K), 2 survivors (2048K)
 Metaspace       used 19817K, capacity 20042K, committed 20096K, reserved 1067008K
  class space    used 2074K, capacity 2157K, committed 2176K, reserved 1048576K
}
Event: 15.105 GC heap before
{Heap before GC invocations=4 (full 0):
 garbage-first heap   total 65536K, used 12080K [0x00000000c1200000, 0x0000000100000000)
  region size 1024K, 7 young (7168K), 2 survivors (2048K)
 Metaspace       used 20954K, capacity 21194K, committed 21248K, reserved 1069056K
  class space    used 2181K, capacity 2285K, committed 2304K, reserved 1048576K
}

